
7월 05, 2023 13:49:55.402 NEW SESSION
7월 05, 2023 13:49:55.402 [2316:14032:0705/134955.400:ERROR:connection_factory_impl.cc(471)] ConnectionHandler failed with net error: -2
7월 05, 2023 13:57:57.380 [2316:14032:0705/135757.380:ERROR:connection_factory_impl.cc(428)] Failed to connect to MCS endpoint with error -106
7월 05, 2023 13:57:57.974 [2316:11852:0705/135757.974:ERROR:device_event_log_impl.cc(222)] [13:57:57.975] USB: usb_service_win.cc:104 SetupDiGetDeviceProperty({{A45C254E-DF1C-4EFD-8020-67D146A850E0}, 6}) failed: 요소가 없습니다. (0x490)
7월 05, 2023 17:38:16.916 [7816:11600:0705/173816.915:ERROR:interface_endpoint_client.cc(697)] Message 1 rejected by interface blink.mojom.WidgetHost

7월 06, 2023 11:16:28.733 NEW SESSION
7월 06, 2023 11:16:28.733 [10132:2520:0706/111628.730:ERROR:connection_factory_impl.cc(471)] ConnectionHandler failed with net error: -2

7월 06, 2023 15:20:45.363 NEW SESSION
7월 06, 2023 15:20:45.363 [12620:2696:0706/152045.362:ERROR:interface_endpoint_client.cc(697)] Message 5 rejected by interface blink.mojom.WidgetHost
7월 06, 2023 15:20:47.317 [12620:2696:0706/152047.317:ERROR:device_event_log_impl.cc(222)] [15:20:47.317] Bluetooth: bluetooth_adapter_winrt.cc:1058 Getting Default Adapter failed.

7월 13, 2023 10:34:04.556 NEW SESSION
7월 13, 2023 10:34:04.556 [11128:2360:0713/103404.555:ERROR:interface_endpoint_client.cc(697)] Message 1 rejected by interface blink.mojom.WidgetHost
7월 13, 2023 10:49:31.523 [11128:2360:0713/104931.523:ERROR:page_load_metrics_update_dispatcher.cc(178)] Invalid first_paint 0.198 s for first_image_paint 0.182 s
7월 13, 2023 10:49:31.662 [11128:2360:0713/104931.662:ERROR:page_load_metrics_update_dispatcher.cc(178)] Invalid first_paint 0.198 s for first_image_paint 0.182 s
7월 13, 2023 10:49:31.814 [11128:2360:0713/104931.814:ERROR:page_load_metrics_update_dispatcher.cc(178)] Invalid first_paint 0.198 s for first_image_paint 0.182 s
7월 13, 2023 10:49:31.965 [11128:2360:0713/104931.965:ERROR:page_load_metrics_update_dispatcher.cc(178)] Invalid first_paint 0.198 s for first_image_paint 0.182 s
7월 13, 2023 10:49:32.70 [11128:2360:0713/104932.070:ERROR:page_load_metrics_update_dispatcher.cc(178)] Invalid first_paint 0.198 s for first_image_paint 0.182 s
7월 13, 2023 10:49:32.789 [11128:2360:0713/104932.788:ERROR:page_load_metrics_update_dispatcher.cc(178)] Invalid first_paint 0.198 s for first_image_paint 0.182 s
7월 13, 2023 10:49:33.117 [11128:2360:0713/104933.116:ERROR:page_load_metrics_update_dispatcher.cc(178)] Invalid first_paint 0.198 s for first_image_paint 0.182 s

7월 13, 2023 18:20:51.329 NEW SESSION
7월 13, 2023 18:20:51.329 [13624:2008:0713/182051.327:ERROR:interface_endpoint_client.cc(697)] Message 1 rejected by interface blink.mojom.WidgetHost

7월 14, 2023 14:17:47.582 NEW SESSION
7월 14, 2023 14:17:47.582 [14876:12572:0714/141747.581:ERROR:interface_endpoint_client.cc(697)] Message 1 rejected by interface blink.mojom.WidgetHost
7월 14, 2023 14:38:13.367 [14876:12572:0714/143813.367:ERROR:interface_endpoint_client.cc(697)] Message 0 rejected by interface blink.mojom.WidgetHost

7월 14, 2023 18:18:11.409 NEW SESSION
7월 14, 2023 18:18:11.409 [11668:8516:0714/181811.408:ERROR:interface_endpoint_client.cc(697)] Message 1 rejected by interface blink.mojom.WidgetHost

7월 18, 2023 09:48:06.919 NEW SESSION
7월 18, 2023 09:48:06.919 [7696:11276:0718/094806.918:ERROR:interface_endpoint_client.cc(697)] Message 1 rejected by interface blink.mojom.WidgetHost
7월 18, 2023 14:09:22.860 [7696:11276:0718/140922.860:ERROR:interface_endpoint_client.cc(697)] Message 0 rejected by interface blink.mojom.WidgetHost
7월 18, 2023 15:11:20.455 [7696:11276:0718/151120.455:ERROR:interface_endpoint_client.cc(697)] Message 0 rejected by interface blink.mojom.WidgetHost
7월 18, 2023 15:32:44.173 [7696:11276:0718/153244.173:ERROR:interface_endpoint_client.cc(697)] Message 1 rejected by interface blink.mojom.WidgetHost
7월 18, 2023 15:32:44.174 [7696:11276:0718/153244.173:ERROR:interface_endpoint_client.cc(697)] Message 1 rejected by interface blink.mojom.WidgetHost
7월 18, 2023 16:20:39.374 [7696:11276:0718/162039.373:ERROR:interface_endpoint_client.cc(697)] Message 0 rejected by interface blink.mojom.WidgetHost

7월 19, 2023 11:31:00.530 NEW SESSION
7월 19, 2023 11:31:00.530 [13748:15148:0719/113100.516:ERROR:interface_endpoint_client.cc(697)] Message 0 rejected by interface blink.mojom.WidgetHost
7월 19, 2023 12:04:43.903 [13748:15148:0719/120443.903:ERROR:interface_endpoint_client.cc(697)] Message 1 rejected by interface blink.mojom.WidgetHost

7월 21, 2023 11:43:48.922 NEW SESSION
7월 21, 2023 11:43:48.922 [9128:9264:0721/114348.921:ERROR:feature_processor_state.cc(39)] Processing error occured: model WebAppInstallationPromo failed with UkmEngineDisabled, message: 

7월 21, 2023 14:50:09.31 NEW SESSION
7월 21, 2023 14:50:09.31 [16116:2944:0721/145009.030:ERROR:feature_processor_state.cc(39)] Processing error occured: model WebAppInstallationPromo failed with UkmEngineDisabled, message: 
7월 21, 2023 15:07:01.892 [16116:2944:0721/150701.892:ERROR:CONSOLE(1)] "Request Runtime.evaluate failed. {"code":-32602,"message":"uniqueContextId not found"}", source: devtools://devtools/bundled/devtools-frontend/front_end/core/protocol_client/protocol_client.js (1)
7월 21, 2023 15:07:01.893 [16116:2944:0721/150701.892:ERROR:CONSOLE(1)] "uniqueContextId not found", source: devtools://devtools/bundled/devtools-frontend/front_end/core/sdk/sdk.js (1)
7월 21, 2023 15:07:01.893 [16116:2944:0721/150701.893:ERROR:CONSOLE(1)] "Extension server error: Inspector protocol error: uniqueContextId not found", source: devtools://devtools/bundled/devtools-frontend/front_end/models/extensions/extensions.js (1)
7월 21, 2023 15:09:17.812 [16116:2944:0721/150917.812:ERROR:CONSOLE(1)] "Extension server error: Operation failed: http://localhost:8090/jwbook/project/question.jsp has no execution context", source: devtools://devtools/bundled/devtools-frontend/front_end/models/extensions/extensions.js (1)
7월 21, 2023 15:09:19.941 [16116:2944:0721/150919.940:ERROR:CONSOLE(1)] "Extension server error: Operation failed: http://localhost:8090/jwbook/project/question-in.jsp%%3E has no execution context", source: devtools://devtools/bundled/devtools-frontend/front_end/models/extensions/extensions.js (1)
7월 21, 2023 15:09:19.960 [16116:2944:0721/150919.960:ERROR:CONSOLE(1)] "URIError: URI malformed URIError: URI malformed
7월 21, 2023 15:09:19.961     at decodeURIComponent (<anonymous>)
7월 21, 2023 15:09:19.961     at new g (devtools://devtools/bundled/devtools-frontend/front_end/models/workspace/workspace.js:1:6131)
7월 21, 2023 15:09:19.961     at g.createUISourceCode (devtools://devtools/bundled/devtools-frontend/front_end/models/workspace/workspace.js:1:4279)
7월 21, 2023 15:09:19.962     at new qe (devtools://devtools/bundled/devtools-frontend/front_end/models/bindings/bindings.js:1:97120)
7월 21, 2023 15:09:19.962     at Ge.addResource (devtools://devtools/bundled/devtools-frontend/front_end/models/bindings/bindings.js:1:96401)
7월 21, 2023 15:09:19.962     at Ge.resourceAdded (devtools://devtools/bundled/devtools-frontend/front_end/models/bindings/bindings.js:1:96283)
7월 21, 2023 15:09:19.962     at jn.dispatchEventToListeners (devtools://devtools/bundled/devtools-frontend/front_end/core/common/common.js:1:48127)
7월 21, 2023 15:09:19.962     at Wn.addRequest (devtools://devtools/bundled/devtools-frontend/front_end/core/sdk/sdk.js:1:312500)
7월 21, 2023 15:09:19.962     at jn.onRequestFinished (devtools://devtools/bundled/devtools-frontend/front_end/core/sdk/sdk.js:1:302701)
7월 21, 2023 15:09:19.963     at ne.dispatchEventToListeners (devtools://devtools/bundled/devtools-frontend/front_end/core/common/common.js:1:48127)", source: devtools://devtools/bundled/devtools-frontend/front_end/core/host/host.js (1)
7월 21, 2023 15:45:36.290 [10716:12372:0721/154536.290:ERROR:feature_processor_state.cc(39)] Processing error occured: model WebAppInstallationPromo failed with UkmEngineDisabled, message: 

7월 21, 2023 16:32:48.203 NEW SESSION
7월 21, 2023 16:32:48.203 [13916:14536:0721/163248.202:ERROR:feature_processor_state.cc(39)] Processing error occured: model WebAppInstallationPromo failed with UkmEngineDisabled, message: 

7월 22, 2023 13:26:13.986 NEW SESSION
7월 22, 2023 13:26:13.986 [7340:16244:0722/132613.976:ERROR:feature_processor_state.cc(39)] Processing error occured: model WebAppInstallationPromo failed with UkmEngineDisabled, message: 
